c:\users\kai\documents\visual studio 2015\projects\project4\project4\x64\debug\vc140.pdb
c:\users\kai\documents\visual studio 2015\projects\project4\project4\x64\debug\vc140.idb
c:\users\kai\documents\visual studio 2015\projects\project4\project4\x64\debug\choni.obj
c:\users\kai\documents\visual studio 2015\projects\project4\project4\x64\debug\configurationmanager.obj
c:\users\kai\documents\visual studio 2015\projects\project4\project4\x64\debug\csift.obj
c:\users\kai\documents\visual studio 2015\projects\project4\project4\x64\debug\cspin.obj
c:\users\kai\documents\visual studio 2015\projects\project4\project4\x64\debug\descriptorutil.obj
c:\users\kai\documents\visual studio 2015\projects\project4\project4\x64\debug\honc.obj
c:\users\kai\documents\visual studio 2015\projects\project4\project4\x64\debug\honc3.obj
c:\users\kai\documents\visual studio 2015\projects\project4\project4\x64\debug\honi.obj
c:\users\kai\documents\visual studio 2015\projects\project4\project4\x64\debug\howh.obj
c:\users\kai\documents\visual studio 2015\projects\project4\project4\x64\debug\main.obj
c:\users\kai\documents\visual studio 2015\projects\project4\project4\x64\debug\opponentsift.obj
c:\users\kai\documents\visual studio 2015\projects\project4\project4\x64\debug\rgbsift.obj
c:\users\kai\documents\visual studio 2015\projects\project4\project4\x64\debug\rgsift.obj
c:\users\kai\documents\visual studio 2015\projects\project4\project4\x64\debug\scriptdata.obj
c:\users\kai\documents\visual studio 2015\projects\project4\project4\x64\debug\spin.obj
c:\users\kai\documents\visual studio 2015\projects\project4\project4\x64\debug\vanillasift.obj
c:\users\kai\documents\visual studio 2015\projects\project4\project4\x64\debug\project4.tlog\cl.command.1.tlog
c:\users\kai\documents\visual studio 2015\projects\project4\project4\x64\debug\project4.tlog\cl.read.1.tlog
c:\users\kai\documents\visual studio 2015\projects\project4\project4\x64\debug\project4.tlog\cl.write.1.tlog
c:\users\kai\documents\visual studio 2015\projects\project4\project4\x64\debug\project4.tlog\link.command.1.tlog
c:\users\kai\documents\visual studio 2015\projects\project4\project4\x64\debug\project4.tlog\link.read.1.tlog
c:\users\kai\documents\visual studio 2015\projects\project4\project4\x64\debug\project4.tlog\link.write.1.tlog
